#
# There is insufficient memory for the Java Runtime Environment to continue.
# Native memory allocation (malloc) failed to allocate 1048576 bytes for AllocateHeap
# Possible reasons:
#   The system is out of physical RAM or swap space
#   The process is running with CompressedOops enabled, and the Java Heap may be blocking the growth of the native heap
# Possible solutions:
#   Reduce memory load on the system
#   Increase physical memory or swap space
#   Check if swap backing store is full
#   Decrease Java heap size (-Xmx/-Xms)
#   Decrease number of Java threads
#   Decrease Java thread stack sizes (-Xss)
#   Set larger code cache with -XX:ReservedCodeCacheSize=
#   JVM is running with Unscaled Compressed Oops mode in which the Java heap is
#     placed in the first 4GB address space. The Java Heap base address is the
#     maximum limit for the native heap growth. Please use -XX:HeapBaseMinAddress
#     to set the Java Heap base and to place the Java Heap above 4GB virtual address.
# This output file may be truncated or incomplete.
#
#  Out of Memory Error (memory/allocation.inline.hpp:61), pid=13372, tid=0x000000000000111c
#
# JRE version:  (8.0_202-b49) (build )
# Java VM: OpenJDK 64-Bit Server VM (25.202-b49 mixed mode windows-amd64 compressed oops)
# Failed to write core dump. Minidumps are not enabled by default on client versions of Windows
#

---------------  T H R E A D  ---------------

Current thread (0x0000000002dee000):  JavaThread "Unknown thread" [_thread_in_vm, id=4380, stack(0x0000000002ea0000,0x0000000002fa0000)]

Stack: [0x0000000002ea0000,0x0000000002fa0000]
[error occurred during error reporting (printing stack bounds), id 0xc0000005]

Native frames: (J=compiled Java code, j=interpreted, Vv=VM code, C=native code)


---------------  P R O C E S S  ---------------

Java Threads: ( => current thread )

Other Threads:

=>0x0000000002dee000 (exited) JavaThread "Unknown thread" [_thread_in_vm, id=4380, stack(0x0000000002ea0000,0x0000000002fa0000)]

VM state:not at safepoint (normal execution)

VM Mutex/Monitor currently owned by a thread: None

heap address: 0x0000000082600000, size: 2010 MB, Compressed Oops mode: 32-bit
Narrow klass base: 0x0000000000000000, Narrow klass shift: 3
Compressed class space size: 1073741824 Address: 0x0000000100000000

Heap:
 PSYoungGen      total 37888K, used 655K [0x00000000d6200000, 0x00000000d8c00000, 0x0000000100000000)
  eden space 32768K, 2% used [0x00000000d6200000,0x00000000d62a3d80,0x00000000d8200000)
  from space 5120K, 0% used [0x00000000d8700000,0x00000000d8700000,0x00000000d8c00000)
  to   space 5120K, 0% used [0x00000000d8200000,0x00000000d8200000,0x00000000d8700000)
 ParOldGen       total 86016K, used 0K [0x0000000082600000, 0x0000000087a00000, 0x00000000d6200000)
  object space 86016K, 0% used [0x0000000082600000,0x0000000082600000,0x0000000087a00000)
 Metaspace       used 777K, capacity 4480K, committed 4480K, reserved 1056768K
  class space    used 74K, capacity 384K, committed 384K, reserved 1048576K

Card table byte_map: [0x0000000012460000,0x0000000012850000] byte_map_base: 0x000000001204d000

Marking Bits: (ParMarkBitMap*) 0x0000000065229f30
 Begin Bits: [0x0000000012ef0000, 0x0000000014e58000)
 End Bits:   [0x0000000014e58000, 0x0000000016dc0000)

Polling page: 0x0000000001070000

CodeCache: size=245760Kb used=328Kb max_used=328Kb free=245431Kb
 bounds [0x00000000030a0000, 0x0000000003310000, 0x00000000120a0000]
 total_blobs=57 nmethods=0 adapters=38
 compilation: enabled

Compilation events (0 events):
No events

GC Heap History (0 events):
No events

Deoptimization events (0 events):
No events

Classes redefined (0 events):
No events

Internal exceptions (0 events):
No events

Events (10 events):
Event: 0.032 loading class java/lang/Short
Event: 0.032 loading class java/lang/Short done
Event: 0.032 loading class java/lang/Integer
Event: 0.032 loading class java/lang/Integer done
Event: 0.032 loading class java/lang/Long
Event: 0.032 loading class java/lang/Long done
Event: 0.033 loading class java/lang/NullPointerException
Event: 0.033 loading class java/lang/NullPointerException done
Event: 0.033 loading class java/lang/ArithmeticException
Event: 0.033 loading class java/lang/ArithmeticException done


Dynamic libraries:
0x00007ff6bfdf0000 - 0x00007ff6bfe21000 	C:\Program Files\JetBrains\PhpStorm 2019.1.2\jre64\bin\java.exe
0x00007ff857640000 - 0x00007ff857830000 	C:\WINDOWS\SYSTEM32\ntdll.dll
0x00007ff8557c0000 - 0x00007ff855872000 	C:\WINDOWS\System32\KERNEL32.DLL
0x00007ff855440000 - 0x00007ff8556e3000 	C:\WINDOWS\System32\KERNELBASE.dll
0x00007ff855710000 - 0x00007ff8557b3000 	C:\WINDOWS\System32\ADVAPI32.dll
0x00007ff855880000 - 0x00007ff85591e000 	C:\WINDOWS\System32\msvcrt.dll
0x00007ff856370000 - 0x00007ff856407000 	C:\WINDOWS\System32\sechost.dll
0x00007ff855b50000 - 0x00007ff855c70000 	C:\WINDOWS\System32\RPCRT4.dll
0x00007ff857010000 - 0x00007ff8571a4000 	C:\WINDOWS\System32\USER32.dll
0x00007ff854a90000 - 0x00007ff854ab1000 	C:\WINDOWS\System32\win32u.dll
0x00007ff856900000 - 0x00007ff856926000 	C:\WINDOWS\System32\GDI32.dll
0x00007ff8547c0000 - 0x00007ff854954000 	C:\WINDOWS\System32\gdi32full.dll
0x00007ff8549f0000 - 0x00007ff854a8e000 	C:\WINDOWS\System32\msvcp_win.dll
0x00007ff8545f0000 - 0x00007ff8546ea000 	C:\WINDOWS\System32\ucrtbase.dll
0x00007ff845c20000 - 0x00007ff845ea5000 	C:\WINDOWS\WinSxS\amd64_microsoft.windows.common-controls_6595b64144ccf1df_6.0.18362.778_none_e6c6b761130d4fb8\COMCTL32.dll
0x00007ff856a00000 - 0x00007ff856d36000 	C:\WINDOWS\System32\combase.dll
0x00007ff8546f0000 - 0x00007ff854770000 	C:\WINDOWS\System32\bcryptPrimitives.dll
0x00007ff856e90000 - 0x00007ff856ebe000 	C:\WINDOWS\System32\IMM32.DLL
0x0000000064980000 - 0x0000000064a52000 	C:\Program Files\JetBrains\PhpStorm 2019.1.2\jre64\bin\msvcr100.dll
0x0000000064a60000 - 0x00000000652a6000 	C:\Program Files\JetBrains\PhpStorm 2019.1.2\jre64\bin\server\jvm.dll
0x00007ff855c70000 - 0x00007ff855c78000 	C:\WINDOWS\System32\PSAPI.DLL
0x00007ff84e040000 - 0x00007ff84e04a000 	C:\WINDOWS\SYSTEM32\VERSION.dll
0x00007ff84cc80000 - 0x00007ff84cca4000 	C:\WINDOWS\SYSTEM32\WINMM.dll
0x00007ff84e230000 - 0x00007ff84e239000 	C:\WINDOWS\SYSTEM32\WSOCK32.dll
0x00007ff856420000 - 0x00007ff85648f000 	C:\WINDOWS\System32\WS2_32.dll
0x00007ff84cc50000 - 0x00007ff84cc7d000 	C:\WINDOWS\SYSTEM32\winmmbase.dll
0x00007ff854770000 - 0x00007ff8547ba000 	C:\WINDOWS\System32\cfgmgr32.dll
0x00007ff8459d0000 - 0x00007ff8459df000 	C:\Program Files\JetBrains\PhpStorm 2019.1.2\jre64\bin\verify.dll
0x00007ff843b10000 - 0x00007ff843b39000 	C:\Program Files\JetBrains\PhpStorm 2019.1.2\jre64\bin\java.dll
0x00007ff8442f0000 - 0x00007ff844306000 	C:\Program Files\JetBrains\PhpStorm 2019.1.2\jre64\bin\zip.dll

VM Arguments:
java_command: org.jetbrains.git4idea.http.GitAskPassApp Username for 'https://github.com': 
java_class_path (initial): C:/Program Files/JetBrains/PhpStorm 2019.1.2/plugins/git4idea/lib/git4idea-rt.jar;C:/Program Files/JetBrains/PhpStorm 2019.1.2/lib/xmlrpc-2.0.1.jar;C:/Program Files/JetBrains/PhpStorm 2019.1.2/lib/commons-codec-1.10.jar;C:/Program Files/JetBrains/PhpStorm 2019.1.2/lib/util.jar
Launcher Type: SUN_STANDARD

Environment Variables:
PATH=E:/Git/Git/mingw64/libexec/git-core;E:/Git/Git/mingw64/libexec/git-core;E:\Git\Git\mingw64\bin;E:\Git\Git\usr\bin;C:\Users\Katrin\bin;C:\WINDOWS\system32;C:\WINDOWS;C:\WINDOWS\System32\Wbem;C:\WINDOWS\System32\WindowsPowerShell\v1.0\;C:\WINDOWS\System32\OpenSSH\;C:\Program Files\dotnet\;D:\OSPanel\modules\php\PHP_7.2;C:\ProgramData\ComposerSetup\bin;E:\Git\Git\cmd;D:\nodejs\;C:\Ruby25-x64\bin;C:\Ruby26-x64\bin;C:\Users\Katrin\AppData\Local\Microsoft\WindowsApps;C:\Users\Katrin\AppData\Roaming\Composer\vendor\bin;C:\Users\Katrin\AppData\Roaming\npm
USERNAME=Katrin
DISPLAY=:0.0
OS=Windows_NT
PROCESSOR_IDENTIFIER=Intel64 Family 6 Model 58 Stepping 9, GenuineIntel



---------------  S Y S T E M  ---------------

OS: Windows 10.0 , 64 bit Build 18362 (10.0.18362.778)

CPU:total 4 (initial active 4) (2 cores per cpu, 2 threads per core) family 6 model 58 stepping 9, cmov, cx8, fxsr, mmx, sse, sse2, sse3, ssse3, sse4.1, sse4.2, popcnt, avx, aes, clmul, erms, ht, tsc, tscinvbit, tscinv

Memory: 4k page, physical 8229408k(1741036k free), swap 8229408k(5056k free)

vm_info: OpenJDK 64-Bit Server VM (25.202-b49) for windows-amd64 JRE (1.8.0_202-release-1483-b49), built on Apr 10 2019 16:54:32 by "builduser" with MS VC++ 10.0 (VS2010)

time: Tue Apr 28 10:43:31 2020
timezone: Ô³íëÿíä³ÿ (ë³òî)
elapsed time: 0 seconds (0d 0h 0m 0s)

